* using log directory 'C:/Users/Axelle/Desktop/M/03_SISE/01_PROGRAMMATION R/PROJET/Package_R_Caracterisation_Classes_Clustering/charclust.Rcheck'
* using R version 4.0.2 (2020-06-22)
* using platform: x86_64-w64-mingw32 (64-bit)
* using session charset: ISO8859-1
* using options '--no-manual --as-cran'
* checking for file 'charclust/DESCRIPTION' ... OK
* this is package 'charclust' version '0.0.0.9000'
* package encoding: UTF-8
* checking package namespace information ... OK
* checking package dependencies ... OK
* checking if this is a source package ... OK
* checking if there is a namespace ... OK
* checking for executable files ... OK
* checking for hidden files and directories ... OK
* checking for portable file names ... OK
* checking serialization versions ... OK
* checking whether package 'charclust' can be installed ... OK
* checking installed package size ... OK
* checking package directory ... OK
* checking for future file timestamps ... OK
* checking DESCRIPTION meta-information ... OK
* checking top-level files ... OK
* checking for left-over files ... OK
* checking index information ... OK
* checking package subdirectories ... OK
* checking R files for non-ASCII characters ... OK
* checking R files for syntax errors ... OK
* checking whether the package can be loaded ... OK
* checking whether the package can be loaded with stated dependencies ... OK
* checking whether the package can be unloaded cleanly ... OK
* checking whether the namespace can be loaded with stated dependencies ... OK
* checking whether the namespace can be unloaded cleanly ... OK
* checking loading without being on the library search path ... OK
* checking dependencies in R code ... OK
* checking S3 generic/method consistency ... OK
* checking replacement functions ... OK
* checking foreign function calls ... OK
* checking R code for possible problems ... NOTE
charac_graph: no visible binding for global variable 'profil'
graph_vtest: no visible binding for global variable 'ID'
graph_vtest: no visible binding for global variable 'val'
graph_vtest: no visible binding for global variable 'Cluster'
Undefined global functions or variables:
  Cluster ID profil val
* checking Rd files ... OK
* checking Rd metadata ... OK
* checking Rd line widths ... OK
* checking Rd cross-references ... OK
* checking for missing documentation entries ... OK
* checking for code/documentation mismatches ... WARNING
Data codoc mismatches from documentation object 'insertion_master':
Variables in data frame 'insertion_master'
  Code: academie code_du_domaine diplome discipline domaine
        emplois_a_temps_plein
        emplois_cadre_ou_professions_intermediaires emplois_stables
        etablissement femmes salaire_brut_annuel_estime taux_dinsertion
  Docs: academie code_du_domaine diplome discipline domaine
        emplois_a_temps_plein
        emplois_cadres_ou_professions_intermediaires emplois_stables
        etablissement femmes salaire_brut_annuel_estime taux_dinsertion

* checking Rd \usage sections ... OK
* checking Rd contents ... OK
* checking for unstated dependencies in examples ... OK
* checking contents of 'data' directory ... OK
* checking data for non-ASCII characters ... OK
* checking data for ASCII and uncompressed saves ... OK
* checking examples ... OK
* checking for non-standard things in the check directory ... OK
* checking for detritus in the temp directory ... OK
* DONE
Status: 1 WARNING, 1 NOTE
